z:\c++ lernen\pipenetwork\build\pipenetwork.dir\debug\vc143.pdb
z:\c++ lernen\pipenetwork\build\pipenetwork.dir\debug\linalg.obj
z:\c++ lernen\pipenetwork\build\pipenetwork.dir\debug\tube.obj
z:\c++ lernen\pipenetwork\build\pipenetwork.dir\debug\pipenetwork.obj
z:\c++ lernen\pipenetwork\build\pipenetwork.dir\debug\node.obj
z:\c++ lernen\pipenetwork\build\cmakefiles\generate.stamp
z:\c++ lernen\pipenetwork\build\debug\pipenetwork.lib
z:\c++ lernen\pipenetwork\build\debug\pipenetwork.exp
z:\c++ lernen\pipenetwork\build\debug\pipenetwork.dll
z:\c++ lernen\pipenetwork\build\pipenetwork.dir\debug\pipenetwork.ilk
z:\c++ lernen\pipenetwork\build\debug\pipenetwork.pdb
z:\c++ lernen\pipenetwork\build\pipenetwork.dir\debug\pipenetwork.tlog\cl.command.1.tlog
z:\c++ lernen\pipenetwork\build\pipenetwork.dir\debug\pipenetwork.tlog\cl.read.1.tlog
z:\c++ lernen\pipenetwork\build\pipenetwork.dir\debug\pipenetwork.tlog\cl.write.1.tlog
z:\c++ lernen\pipenetwork\build\pipenetwork.dir\debug\pipenetwork.tlog\custombuild.command.1.tlog
z:\c++ lernen\pipenetwork\build\pipenetwork.dir\debug\pipenetwork.tlog\custombuild.read.1.tlog
z:\c++ lernen\pipenetwork\build\pipenetwork.dir\debug\pipenetwork.tlog\custombuild.write.1.tlog
z:\c++ lernen\pipenetwork\build\pipenetwork.dir\debug\pipenetwork.tlog\link.command.1.tlog
z:\c++ lernen\pipenetwork\build\pipenetwork.dir\debug\pipenetwork.tlog\link.read.1.tlog
z:\c++ lernen\pipenetwork\build\pipenetwork.dir\debug\pipenetwork.tlog\link.write.1.tlog
z:\c++ lernen\pipenetwork\build\pipenetwork.dir\debug\pipenetwork.tlog\link.write.2u.tlog
